GAS LISTING /tmp/cccRLcoZ.s 			page 1


   1              	# 1 "lib/fonts.S"
   1              	.data
   1              	...
   0              	
   0              	
   1              	/* Copyright (C) 1991-2018 Free Software Foundation, Inc.
   2              	.global fonts_set
   3              	
   4              	fonts_set:
   5 0000 00000000 	    .byte 0x00, 0x00, 0x00, 0x00
   6 0004 00000000 	    .byte 0x00, 0x00, 0x00, 0x00
   7 0008 00000000 	    .byte 0x00, 0x00, 0x00, 0x00
   8 000c 00000000 	    .byte 0x00, 0x00, 0x00, 0x00
   9 0010 00003844 	    .byte 0x00, 0x00, 0x38, 0x44
  10 0014 82AAAA82 	    .byte 0x82, 0xaa, 0xaa, 0x82
  11 0018 82AA9244 	    .byte 0x82, 0xaa, 0x92, 0x44
  12 001c 38000000 	    .byte 0x38, 0x00, 0x00, 0x00
  13 0020 0000387C 	    .byte 0x00, 0x00, 0x38, 0x7c
  14 0024 FED6D6FE 	    .byte 0xfe, 0xd6, 0xd6, 0xfe
  15 0028 FED6EE7C 	    .byte 0xfe, 0xd6, 0xee, 0x7c
  16 002c 38000000 	    .byte 0x38, 0x00, 0x00, 0x00
  17 0030 00000000 	    .byte 0x00, 0x00, 0x00, 0x00
  18 0034 6CFEFEFE 	    .byte 0x6c, 0xfe, 0xfe, 0xfe
  19 0038 7C381000 	    .byte 0x7c, 0x38, 0x10, 0x00
  20 003c 00000000 	    .byte 0x00, 0x00, 0x00, 0x00
  21 0040 00000000 	    .byte 0x00, 0x00, 0x00, 0x00
  22 0044 10387CFE 	    .byte 0x10, 0x38, 0x7c, 0xfe
  23 0048 7C381000 	    .byte 0x7c, 0x38, 0x10, 0x00
  24 004c 00000000 	    .byte 0x00, 0x00, 0x00, 0x00
  25 0050 00000000 	    .byte 0x00, 0x00, 0x00, 0x00
  26 0054 103854FE 	    .byte 0x10, 0x38, 0x54, 0xfe
  27 0058 54103800 	    .byte 0x54, 0x10, 0x38, 0x00
  28 005c 00000000 	    .byte 0x00, 0x00, 0x00, 0x00
  29 0060 00000000 	    .byte 0x00, 0x00, 0x00, 0x00
  30 0064 10387CFE 	    .byte 0x10, 0x38, 0x7c, 0xfe
  31 0068 D6103800 	    .byte 0xd6, 0x10, 0x38, 0x00
  32 006c 00000000 	    .byte 0x00, 0x00, 0x00, 0x00
  33 0070 00000000 	    .byte 0x00, 0x00, 0x00, 0x00
  34 0074 0000183C 	    .byte 0x00, 0x00, 0x18, 0x3c
  35 0078 3C180000 	    .byte 0x3c, 0x18, 0x00, 0x00
  36 007c 00000000 	    .byte 0x00, 0x00, 0x00, 0x00
  37 0080 FFFFFFFF 	    .byte 0xff, 0xff, 0xff, 0xff
  38 0084 FFFFE7C3 	    .byte 0xff, 0xff, 0xe7, 0xc3
  39 0088 C3E7FFFF 	    .byte 0xc3, 0xe7, 0xff, 0xff
  40 008c FFFFFFFF 	    .byte 0xff, 0xff, 0xff, 0xff
  41 0090 00000000 	    .byte 0x00, 0x00, 0x00, 0x00
  42 0094 003C6642 	    .byte 0x00, 0x3c, 0x66, 0x42
  43 0098 42663C00 	    .byte 0x42, 0x66, 0x3c, 0x00
  44 009c 00000000 	    .byte 0x00, 0x00, 0x00, 0x00
  45 00a0 FFFFFFFF 	    .byte 0xff, 0xff, 0xff, 0xff
  46 00a4 FFC399BD 	    .byte 0xff, 0xc3, 0x99, 0xbd
  47 00a8 BD99C3FF 	    .byte 0xbd, 0x99, 0xc3, 0xff
  48 00ac FFFFFFFF 	    .byte 0xff, 0xff, 0xff, 0xff
  49 00b0 00103854 	    .byte 0x00, 0x10, 0x38, 0x54
  50 00b4 92101038 	    .byte 0x92, 0x10, 0x10, 0x38
  51 00b8 44828282 	    .byte 0x44, 0x82, 0x82, 0x82
  52 00bc 44380000 	    .byte 0x44, 0x38, 0x00, 0x00
GAS LISTING /tmp/cccRLcoZ.s 			page 2


  53 00c0 00384482 	    .byte 0x00, 0x38, 0x44, 0x82
  54 00c4 82824438 	    .byte 0x82, 0x82, 0x44, 0x38
  55 00c8 1010FE10 	    .byte 0x10, 0x10, 0xfe, 0x10
  56 00cc 10100000 	    .byte 0x10, 0x10, 0x00, 0x00
  57 00d0 00000C0E 	    .byte 0x00, 0x00, 0x0c, 0x0e
  58 00d4 0B0B0A08 	    .byte 0x0b, 0x0b, 0x0a, 0x08
  59 00d8 081878F8 	    .byte 0x08, 0x18, 0x78, 0xf8
  60 00dc 70000000 	    .byte 0x70, 0x00, 0x00, 0x00
  61 00e0 00001F1F 	    .byte 0x00, 0x00, 0x1f, 0x1f
  62 00e4 11111111 	    .byte 0x11, 0x11, 0x11, 0x11
  63 00e8 111177FF 	    .byte 0x11, 0x11, 0x77, 0xff
  64 00ec 66000000 	    .byte 0x66, 0x00, 0x00, 0x00
  65 00f0 00000000 	    .byte 0x00, 0x00, 0x00, 0x00
  66 00f4 10543828 	    .byte 0x10, 0x54, 0x38, 0x28
  67 00f8 38541000 	    .byte 0x38, 0x54, 0x10, 0x00
  68 00fc 00000000 	    .byte 0x00, 0x00, 0x00, 0x00
  69 0100 0080C0E0 	    .byte 0x00, 0x80, 0xc0, 0xe0
  70 0104 F0F8FCFE 	    .byte 0xf0, 0xf8, 0xfc, 0xfe
  71 0108 FCF8F0E0 	    .byte 0xfc, 0xf8, 0xf0, 0xe0
  72 010c C0800000 	    .byte 0xc0, 0x80, 0x00, 0x00
  73 0110 0002060E 	    .byte 0x00, 0x02, 0x06, 0x0e
  74 0114 1E3E7EFE 	    .byte 0x1e, 0x3e, 0x7e, 0xfe
  75 0118 7E3E1E0E 	    .byte 0x7e, 0x3e, 0x1e, 0x0e
  76 011c 06020000 	    .byte 0x06, 0x02, 0x00, 0x00
  77 0120 00001038 	    .byte 0x00, 0x00, 0x10, 0x38
  78 0124 54921010 	    .byte 0x54, 0x92, 0x10, 0x10
  79 0128 10925438 	    .byte 0x10, 0x92, 0x54, 0x38
  80 012c 10000000 	    .byte 0x10, 0x00, 0x00, 0x00
  81 0130 00004444 	    .byte 0x00, 0x00, 0x44, 0x44
  82 0134 44444444 	    .byte 0x44, 0x44, 0x44, 0x44
  83 0138 44440000 	    .byte 0x44, 0x44, 0x00, 0x00
  84 013c 44440000 	    .byte 0x44, 0x44, 0x00, 0x00
  85 0140 003E4A8A 	    .byte 0x00, 0x3e, 0x4a, 0x8a
  86 0144 8A8A8A4A 	    .byte 0x8a, 0x8a, 0x8a, 0x4a
  87 0148 3A0A0A0A 	    .byte 0x3a, 0x0a, 0x0a, 0x0a
  88 014c 0A0A0000 	    .byte 0x0a, 0x0a, 0x00, 0x00
  89 0150 7C824020 	    .byte 0x7c, 0x82, 0x40, 0x20
  90 0154 38448282 	    .byte 0x38, 0x44, 0x82, 0x82
  91 0158 82443808 	    .byte 0x82, 0x44, 0x38, 0x08
  92 015c 04827C00 	    .byte 0x04, 0x82, 0x7c, 0x00
  93 0160 00000000 	    .byte 0x00, 0x00, 0x00, 0x00
  94 0164 00000000 	    .byte 0x00, 0x00, 0x00, 0x00
  95 0168 000000FE 	    .byte 0x00, 0x00, 0x00, 0xfe
  96 016c FEFE0000 	    .byte 0xfe, 0xfe, 0x00, 0x00
  97 0170 00001038 	    .byte 0x00, 0x00, 0x10, 0x38
  98 0174 54921010 	    .byte 0x54, 0x92, 0x10, 0x10
  99 0178 10925438 	    .byte 0x10, 0x92, 0x54, 0x38
 100 017c 107C0000 	    .byte 0x10, 0x7c, 0x00, 0x00
 101 0180 00103854 	    .byte 0x00, 0x10, 0x38, 0x54
 102 0184 92101010 	    .byte 0x92, 0x10, 0x10, 0x10
 103 0188 10101010 	    .byte 0x10, 0x10, 0x10, 0x10
 104 018c 10100000 	    .byte 0x10, 0x10, 0x00, 0x00
 105 0190 00101010 	    .byte 0x00, 0x10, 0x10, 0x10
 106 0194 10101010 	    .byte 0x10, 0x10, 0x10, 0x10
 107 0198 10109254 	    .byte 0x10, 0x10, 0x92, 0x54
 108 019c 38100000 	    .byte 0x38, 0x10, 0x00, 0x00
 109 01a0 00000000 	    .byte 0x00, 0x00, 0x00, 0x00
GAS LISTING /tmp/cccRLcoZ.s 			page 3


 110 01a4 100804FE 	    .byte 0x10, 0x08, 0x04, 0xfe
 111 01a8 04081000 	    .byte 0x04, 0x08, 0x10, 0x00
 112 01ac 00000000 	    .byte 0x00, 0x00, 0x00, 0x00
 113 01b0 00000000 	    .byte 0x00, 0x00, 0x00, 0x00
 114 01b4 102040FE 	    .byte 0x10, 0x20, 0x40, 0xfe
 115 01b8 40201000 	    .byte 0x40, 0x20, 0x10, 0x00
 116 01bc 00000000 	    .byte 0x00, 0x00, 0x00, 0x00
 117 01c0 00000000 	    .byte 0x00, 0x00, 0x00, 0x00
 118 01c4 00000000 	    .byte 0x00, 0x00, 0x00, 0x00
 119 01c8 00000080 	    .byte 0x00, 0x00, 0x00, 0x80
 120 01cc 80FE0000 	    .byte 0x80, 0xfe, 0x00, 0x00
 121 01d0 00000000 	    .byte 0x00, 0x00, 0x00, 0x00
 122 01d4 002844FE 	    .byte 0x00, 0x28, 0x44, 0xfe
 123 01d8 44280000 	    .byte 0x44, 0x28, 0x00, 0x00
 124 01dc 00000000 	    .byte 0x00, 0x00, 0x00, 0x00
 125 01e0 00000000 	    .byte 0x00, 0x00, 0x00, 0x00
 126 01e4 10103838 	    .byte 0x10, 0x10, 0x38, 0x38
 127 01e8 7C7CFEFE 	    .byte 0x7c, 0x7c, 0xfe, 0xfe
 128 01ec 00000000 	    .byte 0x00, 0x00, 0x00, 0x00
 129 01f0 00000000 	    .byte 0x00, 0x00, 0x00, 0x00
 130 01f4 FEFE7C7C 	    .byte 0xfe, 0xfe, 0x7c, 0x7c
 131 01f8 38381010 	    .byte 0x38, 0x38, 0x10, 0x10
 132 01fc 00000000 	    .byte 0x00, 0x00, 0x00, 0x00
 133 0200 00000000 	    .byte 0x00, 0x00, 0x00, 0x00
 134 0204 00000000 	    .byte 0x00, 0x00, 0x00, 0x00
 135 0208 00000000 	    .byte 0x00, 0x00, 0x00, 0x00
 136 020c 00000000 	    .byte 0x00, 0x00, 0x00, 0x00
 137 0210 00101010 	    .byte 0x00, 0x10, 0x10, 0x10
 138 0214 10101010 	    .byte 0x10, 0x10, 0x10, 0x10
 139 0218 10100000 	    .byte 0x10, 0x10, 0x00, 0x00
 140 021c 10100000 	    .byte 0x10, 0x10, 0x00, 0x00
 141 0220 28282800 	    .byte 0x28, 0x28, 0x28, 0x00
 142 0224 00000000 	    .byte 0x00, 0x00, 0x00, 0x00
 143 0228 00000000 	    .byte 0x00, 0x00, 0x00, 0x00
 144 022c 00000000 	    .byte 0x00, 0x00, 0x00, 0x00
 145 0230 00444444 	    .byte 0x00, 0x44, 0x44, 0x44
 146 0234 FE444444 	    .byte 0xfe, 0x44, 0x44, 0x44
 147 0238 4444FE44 	    .byte 0x44, 0x44, 0xfe, 0x44
 148 023c 44440000 	    .byte 0x44, 0x44, 0x00, 0x00
 149 0240 103A5692 	    .byte 0x10, 0x3a, 0x56, 0x92
 150 0244 92905038 	    .byte 0x92, 0x90, 0x50, 0x38
 151 0248 14129292 	    .byte 0x14, 0x12, 0x92, 0x92
 152 024c D4B81010 	    .byte 0xd4, 0xb8, 0x10, 0x10
 153 0250 62929494 	    .byte 0x62, 0x92, 0x94, 0x94
 154 0254 68081010 	    .byte 0x68, 0x08, 0x10, 0x10
 155 0258 202C5252 	    .byte 0x20, 0x2c, 0x52, 0x52
 156 025c 928C0000 	    .byte 0x92, 0x8c, 0x00, 0x00
 157 0260 00708888 	    .byte 0x00, 0x70, 0x88, 0x88
 158 0264 88906047 	    .byte 0x88, 0x90, 0x60, 0x47
 159 0268 A2928A84 	    .byte 0xa2, 0x92, 0x8a, 0x84
 160 026c 46390000 	    .byte 0x46, 0x39, 0x00, 0x00
 161 0270 04081000 	    .byte 0x04, 0x08, 0x10, 0x00
 162 0274 00000000 	    .byte 0x00, 0x00, 0x00, 0x00
 163 0278 00000000 	    .byte 0x00, 0x00, 0x00, 0x00
 164 027c 00000000 	    .byte 0x00, 0x00, 0x00, 0x00
 165 0280 02040808 	    .byte 0x02, 0x04, 0x08, 0x08
 166 0284 10101010 	    .byte 0x10, 0x10, 0x10, 0x10
GAS LISTING /tmp/cccRLcoZ.s 			page 4


 167 0288 10101008 	    .byte 0x10, 0x10, 0x10, 0x08
 168 028c 08040200 	    .byte 0x08, 0x04, 0x02, 0x00
 169 0290 80402020 	    .byte 0x80, 0x40, 0x20, 0x20
 170 0294 10101010 	    .byte 0x10, 0x10, 0x10, 0x10
 171 0298 10101020 	    .byte 0x10, 0x10, 0x10, 0x20
 172 029c 20408000 	    .byte 0x20, 0x40, 0x80, 0x00
 173 02a0 00000000 	    .byte 0x00, 0x00, 0x00, 0x00
 174 02a4 00109254 	    .byte 0x00, 0x10, 0x92, 0x54
 175 02a8 38549210 	    .byte 0x38, 0x54, 0x92, 0x10
 176 02ac 00000000 	    .byte 0x00, 0x00, 0x00, 0x00
 177 02b0 00000000 	    .byte 0x00, 0x00, 0x00, 0x00
 178 02b4 00101010 	    .byte 0x00, 0x10, 0x10, 0x10
 179 02b8 FE101010 	    .byte 0xfe, 0x10, 0x10, 0x10
 180 02bc 00000000 	    .byte 0x00, 0x00, 0x00, 0x00
 181 02c0 00000000 	    .byte 0x00, 0x00, 0x00, 0x00
 182 02c4 00000000 	    .byte 0x00, 0x00, 0x00, 0x00
 183 02c8 00000018 	    .byte 0x00, 0x00, 0x00, 0x18
 184 02cc 18080810 	    .byte 0x18, 0x08, 0x08, 0x10
 185 02d0 00000000 	    .byte 0x00, 0x00, 0x00, 0x00
 186 02d4 00000000 	    .byte 0x00, 0x00, 0x00, 0x00
 187 02d8 FE000000 	    .byte 0xfe, 0x00, 0x00, 0x00
 188 02dc 00000000 	    .byte 0x00, 0x00, 0x00, 0x00
 189 02e0 00000000 	    .byte 0x00, 0x00, 0x00, 0x00
 190 02e4 00000000 	    .byte 0x00, 0x00, 0x00, 0x00
 191 02e8 00000000 	    .byte 0x00, 0x00, 0x00, 0x00
 192 02ec 18180000 	    .byte 0x18, 0x18, 0x00, 0x00
 193 02f0 02020404 	    .byte 0x02, 0x02, 0x04, 0x04
 194 02f4 08080810 	    .byte 0x08, 0x08, 0x08, 0x10
 195 02f8 10202040 	    .byte 0x10, 0x20, 0x20, 0x40
 196 02fc 40408080 	    .byte 0x40, 0x40, 0x80, 0x80
 197 0300 00182424 	    .byte 0x00, 0x18, 0x24, 0x24
 198 0304 42424242 	    .byte 0x42, 0x42, 0x42, 0x42
 199 0308 42424224 	    .byte 0x42, 0x42, 0x42, 0x24
 200 030c 24180000 	    .byte 0x24, 0x18, 0x00, 0x00
 201 0310 00081828 	    .byte 0x00, 0x08, 0x18, 0x28
 202 0314 08080808 	    .byte 0x08, 0x08, 0x08, 0x08
 203 0318 08080808 	    .byte 0x08, 0x08, 0x08, 0x08
 204 031c 083E0000 	    .byte 0x08, 0x3e, 0x00, 0x00
 205 0320 00182442 	    .byte 0x00, 0x18, 0x24, 0x42
 206 0324 42020408 	    .byte 0x42, 0x02, 0x04, 0x08
 207 0328 10202040 	    .byte 0x10, 0x20, 0x20, 0x40
 208 032c 407E0000 	    .byte 0x40, 0x7e, 0x00, 0x00
 209 0330 00182442 	    .byte 0x00, 0x18, 0x24, 0x42
 210 0334 02020418 	    .byte 0x02, 0x02, 0x04, 0x18
 211 0338 04020242 	    .byte 0x04, 0x02, 0x02, 0x42
 212 033c 24180000 	    .byte 0x24, 0x18, 0x00, 0x00
 213 0340 000C0C0C 	    .byte 0x00, 0x0c, 0x0c, 0x0c
 214 0344 14141424 	    .byte 0x14, 0x14, 0x14, 0x24
 215 0348 24447E04 	    .byte 0x24, 0x44, 0x7e, 0x04
 216 034c 041E0000 	    .byte 0x04, 0x1e, 0x00, 0x00
 217 0350 007C4040 	    .byte 0x00, 0x7c, 0x40, 0x40
 218 0354 40586402 	    .byte 0x40, 0x58, 0x64, 0x02
 219 0358 02020242 	    .byte 0x02, 0x02, 0x02, 0x42
 220 035c 24180000 	    .byte 0x24, 0x18, 0x00, 0x00
 221 0360 00182442 	    .byte 0x00, 0x18, 0x24, 0x42
 222 0364 40586442 	    .byte 0x40, 0x58, 0x64, 0x42
 223 0368 42424242 	    .byte 0x42, 0x42, 0x42, 0x42
GAS LISTING /tmp/cccRLcoZ.s 			page 5


 224 036c 24180000 	    .byte 0x24, 0x18, 0x00, 0x00
 225 0370 007E4242 	    .byte 0x00, 0x7e, 0x42, 0x42
 226 0374 04040808 	    .byte 0x04, 0x04, 0x08, 0x08
 227 0378 08101010 	    .byte 0x08, 0x10, 0x10, 0x10
 228 037c 10380000 	    .byte 0x10, 0x38, 0x00, 0x00
 229 0380 00182442 	    .byte 0x00, 0x18, 0x24, 0x42
 230 0384 42422418 	    .byte 0x42, 0x42, 0x24, 0x18
 231 0388 24424242 	    .byte 0x24, 0x42, 0x42, 0x42
 232 038c 24180000 	    .byte 0x24, 0x18, 0x00, 0x00
 233 0390 00182442 	    .byte 0x00, 0x18, 0x24, 0x42
 234 0394 42424242 	    .byte 0x42, 0x42, 0x42, 0x42
 235 0398 261A0242 	    .byte 0x26, 0x1a, 0x02, 0x42
 236 039c 24180000 	    .byte 0x24, 0x18, 0x00, 0x00
 237 03a0 00000000 	    .byte 0x00, 0x00, 0x00, 0x00
 238 03a4 00181800 	    .byte 0x00, 0x18, 0x18, 0x00
 239 03a8 00000000 	    .byte 0x00, 0x00, 0x00, 0x00
 240 03ac 18180000 	    .byte 0x18, 0x18, 0x00, 0x00
 241 03b0 00000000 	    .byte 0x00, 0x00, 0x00, 0x00
 242 03b4 00181800 	    .byte 0x00, 0x18, 0x18, 0x00
 243 03b8 00000018 	    .byte 0x00, 0x00, 0x00, 0x18
 244 03bc 18080810 	    .byte 0x18, 0x08, 0x08, 0x10
 245 03c0 00020408 	    .byte 0x00, 0x02, 0x04, 0x08
 246 03c4 10204080 	    .byte 0x10, 0x20, 0x40, 0x80
 247 03c8 80402010 	    .byte 0x80, 0x40, 0x20, 0x10
 248 03cc 08040200 	    .byte 0x08, 0x04, 0x02, 0x00
 249 03d0 00000000 	    .byte 0x00, 0x00, 0x00, 0x00
 250 03d4 0000FE00 	    .byte 0x00, 0x00, 0xfe, 0x00
 251 03d8 00FE0000 	    .byte 0x00, 0xfe, 0x00, 0x00
 252 03dc 00000000 	    .byte 0x00, 0x00, 0x00, 0x00
 253 03e0 00804020 	    .byte 0x00, 0x80, 0x40, 0x20
 254 03e4 10080402 	    .byte 0x10, 0x08, 0x04, 0x02
 255 03e8 02040810 	    .byte 0x02, 0x04, 0x08, 0x10
 256 03ec 20408000 	    .byte 0x20, 0x40, 0x80, 0x00
 257 03f0 00384482 	    .byte 0x00, 0x38, 0x44, 0x82
 258 03f4 82820408 	    .byte 0x82, 0x82, 0x04, 0x08
 259 03f8 10100000 	    .byte 0x10, 0x10, 0x00, 0x00
 260 03fc 18180000 	    .byte 0x18, 0x18, 0x00, 0x00
 261 0400 00384482 	    .byte 0x00, 0x38, 0x44, 0x82
 262 0404 9AAAAAAA 	    .byte 0x9a, 0xaa, 0xaa, 0xaa
 263 0408 AAAA9C80 	    .byte 0xaa, 0xaa, 0x9c, 0x80
 264 040c 46380000 	    .byte 0x46, 0x38, 0x00, 0x00
 265 0410 00181818 	    .byte 0x00, 0x18, 0x18, 0x18
 266 0414 18242424 	    .byte 0x18, 0x24, 0x24, 0x24
 267 0418 247E4242 	    .byte 0x24, 0x7e, 0x42, 0x42
 268 041c 42E70000 	    .byte 0x42, 0xe7, 0x00, 0x00
 269 0420 00F04844 	    .byte 0x00, 0xf0, 0x48, 0x44
 270 0424 44444878 	    .byte 0x44, 0x44, 0x48, 0x78
 271 0428 44424242 	    .byte 0x44, 0x42, 0x42, 0x42
 272 042c 44F80000 	    .byte 0x44, 0xf8, 0x00, 0x00
 273 0430 003A4642 	    .byte 0x00, 0x3a, 0x46, 0x42
 274 0434 82808080 	    .byte 0x82, 0x80, 0x80, 0x80
 275 0438 80808242 	    .byte 0x80, 0x80, 0x82, 0x42
 276 043c 44380000 	    .byte 0x44, 0x38, 0x00, 0x00
 277 0440 00F84444 	    .byte 0x00, 0xf8, 0x44, 0x44
 278 0444 42424242 	    .byte 0x42, 0x42, 0x42, 0x42
 279 0448 42424244 	    .byte 0x42, 0x42, 0x42, 0x44
 280 044c 44F80000 	    .byte 0x44, 0xf8, 0x00, 0x00
GAS LISTING /tmp/cccRLcoZ.s 			page 6


 281 0450 00FE4242 	    .byte 0x00, 0xfe, 0x42, 0x42
 282 0454 4040447C 	    .byte 0x40, 0x40, 0x44, 0x7c
 283 0458 44404042 	    .byte 0x44, 0x40, 0x40, 0x42
 284 045c 42FE0000 	    .byte 0x42, 0xfe, 0x00, 0x00
 285 0460 00FE4242 	    .byte 0x00, 0xfe, 0x42, 0x42
 286 0464 4040447C 	    .byte 0x40, 0x40, 0x44, 0x7c
 287 0468 44444040 	    .byte 0x44, 0x44, 0x40, 0x40
 288 046c 40F00000 	    .byte 0x40, 0xf0, 0x00, 0x00
 289 0470 003A4642 	    .byte 0x00, 0x3a, 0x46, 0x42
 290 0474 8280809E 	    .byte 0x82, 0x80, 0x80, 0x9e
 291 0478 82828242 	    .byte 0x82, 0x82, 0x82, 0x42
 292 047c 46380000 	    .byte 0x46, 0x38, 0x00, 0x00
 293 0480 00E74242 	    .byte 0x00, 0xe7, 0x42, 0x42
 294 0484 4242427E 	    .byte 0x42, 0x42, 0x42, 0x7e
 295 0488 42424242 	    .byte 0x42, 0x42, 0x42, 0x42
 296 048c 42E70000 	    .byte 0x42, 0xe7, 0x00, 0x00
 297 0490 007C1010 	    .byte 0x00, 0x7c, 0x10, 0x10
 298 0494 10101010 	    .byte 0x10, 0x10, 0x10, 0x10
 299 0498 10101010 	    .byte 0x10, 0x10, 0x10, 0x10
 300 049c 107C0000 	    .byte 0x10, 0x7c, 0x00, 0x00
 301 04a0 001F0404 	    .byte 0x00, 0x1f, 0x04, 0x04
 302 04a4 04040404 	    .byte 0x04, 0x04, 0x04, 0x04
 303 04a8 04040404 	    .byte 0x04, 0x04, 0x04, 0x04
 304 04ac 84483000 	    .byte 0x84, 0x48, 0x30, 0x00
 305 04b0 00E74244 	    .byte 0x00, 0xe7, 0x42, 0x44
 306 04b4 48505060 	    .byte 0x48, 0x50, 0x50, 0x60
 307 04b8 50504844 	    .byte 0x50, 0x50, 0x48, 0x44
 308 04bc 42E70000 	    .byte 0x42, 0xe7, 0x00, 0x00
 309 04c0 00F04040 	    .byte 0x00, 0xf0, 0x40, 0x40
 310 04c4 40404040 	    .byte 0x40, 0x40, 0x40, 0x40
 311 04c8 40404042 	    .byte 0x40, 0x40, 0x40, 0x42
 312 04cc 42FE0000 	    .byte 0x42, 0xfe, 0x00, 0x00
 313 04d0 00C34266 	    .byte 0x00, 0xc3, 0x42, 0x66
 314 04d4 66665A5A 	    .byte 0x66, 0x66, 0x5a, 0x5a
 315 04d8 5A424242 	    .byte 0x5a, 0x42, 0x42, 0x42
 316 04dc 42E70000 	    .byte 0x42, 0xe7, 0x00, 0x00
 317 04e0 00C74262 	    .byte 0x00, 0xc7, 0x42, 0x62
 318 04e4 62525252 	    .byte 0x62, 0x52, 0x52, 0x52
 319 04e8 4A4A4A46 	    .byte 0x4a, 0x4a, 0x4a, 0x46
 320 04ec 46E20000 	    .byte 0x46, 0xe2, 0x00, 0x00
 321 04f0 00384482 	    .byte 0x00, 0x38, 0x44, 0x82
 322 04f4 82828282 	    .byte 0x82, 0x82, 0x82, 0x82
 323 04f8 82828282 	    .byte 0x82, 0x82, 0x82, 0x82
 324 04fc 44380000 	    .byte 0x44, 0x38, 0x00, 0x00
 325 0500 00F84442 	    .byte 0x00, 0xf8, 0x44, 0x42
 326 0504 42424478 	    .byte 0x42, 0x42, 0x44, 0x78
 327 0508 40404040 	    .byte 0x40, 0x40, 0x40, 0x40
 328 050c 40F00000 	    .byte 0x40, 0xf0, 0x00, 0x00
 329 0510 00384482 	    .byte 0x00, 0x38, 0x44, 0x82
 330 0514 82828282 	    .byte 0x82, 0x82, 0x82, 0x82
 331 0518 8282928A 	    .byte 0x82, 0x82, 0x92, 0x8a
 332 051c 443A0000 	    .byte 0x44, 0x3a, 0x00, 0x00
 333 0520 00FC4242 	    .byte 0x00, 0xfc, 0x42, 0x42
 334 0524 42427C44 	    .byte 0x42, 0x42, 0x7c, 0x44
 335 0528 42424242 	    .byte 0x42, 0x42, 0x42, 0x42
 336 052c 42E70000 	    .byte 0x42, 0xe7, 0x00, 0x00
 337 0530 003A4682 	    .byte 0x00, 0x3a, 0x46, 0x82
GAS LISTING /tmp/cccRLcoZ.s 			page 7


 338 0534 82804038 	    .byte 0x82, 0x80, 0x40, 0x38
 339 0538 04028282 	    .byte 0x04, 0x02, 0x82, 0x82
 340 053c C4B80000 	    .byte 0xc4, 0xb8, 0x00, 0x00
 341 0540 00FE9292 	    .byte 0x00, 0xfe, 0x92, 0x92
 342 0544 10101010 	    .byte 0x10, 0x10, 0x10, 0x10
 343 0548 10101010 	    .byte 0x10, 0x10, 0x10, 0x10
 344 054c 107C0000 	    .byte 0x10, 0x7c, 0x00, 0x00
 345 0550 00E74242 	    .byte 0x00, 0xe7, 0x42, 0x42
 346 0554 42424242 	    .byte 0x42, 0x42, 0x42, 0x42
 347 0558 42424242 	    .byte 0x42, 0x42, 0x42, 0x42
 348 055c 243C0000 	    .byte 0x24, 0x3c, 0x00, 0x00
 349 0560 00E74242 	    .byte 0x00, 0xe7, 0x42, 0x42
 350 0564 42422424 	    .byte 0x42, 0x42, 0x24, 0x24
 351 0568 24241818 	    .byte 0x24, 0x24, 0x18, 0x18
 352 056c 18180000 	    .byte 0x18, 0x18, 0x00, 0x00
 353 0570 00E74242 	    .byte 0x00, 0xe7, 0x42, 0x42
 354 0574 425A5A5A 	    .byte 0x42, 0x5a, 0x5a, 0x5a
 355 0578 5A242424 	    .byte 0x5a, 0x24, 0x24, 0x24
 356 057c 24240000 	    .byte 0x24, 0x24, 0x00, 0x00
 357 0580 00E74242 	    .byte 0x00, 0xe7, 0x42, 0x42
 358 0584 24242418 	    .byte 0x24, 0x24, 0x24, 0x18
 359 0588 24242442 	    .byte 0x24, 0x24, 0x24, 0x42
 360 058c 42E70000 	    .byte 0x42, 0xe7, 0x00, 0x00
 361 0590 00EE4444 	    .byte 0x00, 0xee, 0x44, 0x44
 362 0594 44282828 	    .byte 0x44, 0x28, 0x28, 0x28
 363 0598 10101010 	    .byte 0x10, 0x10, 0x10, 0x10
 364 059c 107C0000 	    .byte 0x10, 0x7c, 0x00, 0x00
 365 05a0 00FE8484 	    .byte 0x00, 0xfe, 0x84, 0x84
 366 05a4 08081010 	    .byte 0x08, 0x08, 0x10, 0x10
 367 05a8 20204042 	    .byte 0x20, 0x20, 0x40, 0x42
 368 05ac 82FE0000 	    .byte 0x82, 0xfe, 0x00, 0x00
 369 05b0 003E2020 	    .byte 0x00, 0x3e, 0x20, 0x20
 370 05b4 20202020 	    .byte 0x20, 0x20, 0x20, 0x20
 371 05b8 20202020 	    .byte 0x20, 0x20, 0x20, 0x20
 372 05bc 20203E00 	    .byte 0x20, 0x20, 0x3e, 0x00
 373 05c0 80804040 	    .byte 0x80, 0x80, 0x40, 0x40
 374 05c4 20202010 	    .byte 0x20, 0x20, 0x20, 0x10
 375 05c8 10080804 	    .byte 0x10, 0x08, 0x08, 0x04
 376 05cc 04040202 	    .byte 0x04, 0x04, 0x02, 0x02
 377 05d0 007C0404 	    .byte 0x00, 0x7c, 0x04, 0x04
 378 05d4 04040404 	    .byte 0x04, 0x04, 0x04, 0x04
 379 05d8 04040404 	    .byte 0x04, 0x04, 0x04, 0x04
 380 05dc 04047C00 	    .byte 0x04, 0x04, 0x7c, 0x00
 381 05e0 00102844 	    .byte 0x00, 0x10, 0x28, 0x44
 382 05e4 82000000 	    .byte 0x82, 0x00, 0x00, 0x00
 383 05e8 00000000 	    .byte 0x00, 0x00, 0x00, 0x00
 384 05ec 00000000 	    .byte 0x00, 0x00, 0x00, 0x00
 385 05f0 00000000 	    .byte 0x00, 0x00, 0x00, 0x00
 386 05f4 00000000 	    .byte 0x00, 0x00, 0x00, 0x00
 387 05f8 00000000 	    .byte 0x00, 0x00, 0x00, 0x00
 388 05fc 0000FE00 	    .byte 0x00, 0x00, 0xfe, 0x00
 389 0600 10080400 	    .byte 0x10, 0x08, 0x04, 0x00
 390 0604 00000000 	    .byte 0x00, 0x00, 0x00, 0x00
 391 0608 00000000 	    .byte 0x00, 0x00, 0x00, 0x00
 392 060c 00000000 	    .byte 0x00, 0x00, 0x00, 0x00
 393 0610 00000000 	    .byte 0x00, 0x00, 0x00, 0x00
 394 0614 00700804 	    .byte 0x00, 0x70, 0x08, 0x04
GAS LISTING /tmp/cccRLcoZ.s 			page 8


 395 0618 3C448484 	    .byte 0x3c, 0x44, 0x84, 0x84
 396 061c 8C760000 	    .byte 0x8c, 0x76, 0x00, 0x00
 397 0620 C0404040 	    .byte 0xc0, 0x40, 0x40, 0x40
 398 0624 40586442 	    .byte 0x40, 0x58, 0x64, 0x42
 399 0628 42424242 	    .byte 0x42, 0x42, 0x42, 0x42
 400 062c 64580000 	    .byte 0x64, 0x58, 0x00, 0x00
 401 0630 00000000 	    .byte 0x00, 0x00, 0x00, 0x00
 402 0634 00304C84 	    .byte 0x00, 0x30, 0x4c, 0x84
 403 0638 84808082 	    .byte 0x84, 0x80, 0x80, 0x82
 404 063c 44380000 	    .byte 0x44, 0x38, 0x00, 0x00
 405 0640 0C040404 	    .byte 0x0c, 0x04, 0x04, 0x04
 406 0644 04344C84 	    .byte 0x04, 0x34, 0x4c, 0x84
 407 0648 84848484 	    .byte 0x84, 0x84, 0x84, 0x84
 408 064c 4C360000 	    .byte 0x4c, 0x36, 0x00, 0x00
 409 0650 00000000 	    .byte 0x00, 0x00, 0x00, 0x00
 410 0654 00384482 	    .byte 0x00, 0x38, 0x44, 0x82
 411 0658 82FC8082 	    .byte 0x82, 0xfc, 0x80, 0x82
 412 065c 423C0000 	    .byte 0x42, 0x3c, 0x00, 0x00
 413 0660 0E101010 	    .byte 0x0e, 0x10, 0x10, 0x10
 414 0664 107C1010 	    .byte 0x10, 0x7c, 0x10, 0x10
 415 0668 10101010 	    .byte 0x10, 0x10, 0x10, 0x10
 416 066c 107C0000 	    .byte 0x10, 0x7c, 0x00, 0x00
 417 0670 00000000 	    .byte 0x00, 0x00, 0x00, 0x00
 418 0674 00364C84 	    .byte 0x00, 0x36, 0x4c, 0x84
 419 0678 8484844C 	    .byte 0x84, 0x84, 0x84, 0x4c
 420 067c 34040478 	    .byte 0x34, 0x04, 0x04, 0x78
 421 0680 C0404040 	    .byte 0xc0, 0x40, 0x40, 0x40
 422 0684 40586442 	    .byte 0x40, 0x58, 0x64, 0x42
 423 0688 42424242 	    .byte 0x42, 0x42, 0x42, 0x42
 424 068c 42E30000 	    .byte 0x42, 0xe3, 0x00, 0x00
 425 0690 00101000 	    .byte 0x00, 0x10, 0x10, 0x00
 426 0694 00301010 	    .byte 0x00, 0x30, 0x10, 0x10
 427 0698 10101010 	    .byte 0x10, 0x10, 0x10, 0x10
 428 069c 10380000 	    .byte 0x10, 0x38, 0x00, 0x00
 429 06a0 00040400 	    .byte 0x00, 0x04, 0x04, 0x00
 430 06a4 000C0404 	    .byte 0x00, 0x0c, 0x04, 0x04
 431 06a8 04040404 	    .byte 0x04, 0x04, 0x04, 0x04
 432 06ac 04080830 	    .byte 0x04, 0x08, 0x08, 0x30
 433 06b0 C0404040 	    .byte 0xc0, 0x40, 0x40, 0x40
 434 06b4 404E4448 	    .byte 0x40, 0x4e, 0x44, 0x48
 435 06b8 50605048 	    .byte 0x50, 0x60, 0x50, 0x48
 436 06bc 44E60000 	    .byte 0x44, 0xe6, 0x00, 0x00
 437 06c0 30101010 	    .byte 0x30, 0x10, 0x10, 0x10
 438 06c4 10101010 	    .byte 0x10, 0x10, 0x10, 0x10
 439 06c8 10101010 	    .byte 0x10, 0x10, 0x10, 0x10
 440 06cc 10380000 	    .byte 0x10, 0x38, 0x00, 0x00
 441 06d0 00000000 	    .byte 0x00, 0x00, 0x00, 0x00
 442 06d4 00F64949 	    .byte 0x00, 0xf6, 0x49, 0x49
 443 06d8 49494949 	    .byte 0x49, 0x49, 0x49, 0x49
 444 06dc 49DB0000 	    .byte 0x49, 0xdb, 0x00, 0x00
 445 06e0 00000000 	    .byte 0x00, 0x00, 0x00, 0x00
 446 06e4 00D86442 	    .byte 0x00, 0xd8, 0x64, 0x42
 447 06e8 42424242 	    .byte 0x42, 0x42, 0x42, 0x42
 448 06ec 42E30000 	    .byte 0x42, 0xe3, 0x00, 0x00
 449 06f0 00000000 	    .byte 0x00, 0x00, 0x00, 0x00
 450 06f4 00384482 	    .byte 0x00, 0x38, 0x44, 0x82
 451 06f8 82828282 	    .byte 0x82, 0x82, 0x82, 0x82
GAS LISTING /tmp/cccRLcoZ.s 			page 9


 452 06fc 44380000 	    .byte 0x44, 0x38, 0x00, 0x00
 453 0700 00000000 	    .byte 0x00, 0x00, 0x00, 0x00
 454 0704 00D86442 	    .byte 0x00, 0xd8, 0x64, 0x42
 455 0708 42424242 	    .byte 0x42, 0x42, 0x42, 0x42
 456 070c 645840E0 	    .byte 0x64, 0x58, 0x40, 0xe0
 457 0710 00000000 	    .byte 0x00, 0x00, 0x00, 0x00
 458 0714 00344C84 	    .byte 0x00, 0x34, 0x4c, 0x84
 459 0718 84848484 	    .byte 0x84, 0x84, 0x84, 0x84
 460 071c 4C34040E 	    .byte 0x4c, 0x34, 0x04, 0x0e
 461 0720 00000000 	    .byte 0x00, 0x00, 0x00, 0x00
 462 0724 00DC6242 	    .byte 0x00, 0xdc, 0x62, 0x42
 463 0728 40404040 	    .byte 0x40, 0x40, 0x40, 0x40
 464 072c 40E00000 	    .byte 0x40, 0xe0, 0x00, 0x00
 465 0730 00000000 	    .byte 0x00, 0x00, 0x00, 0x00
 466 0734 007A8682 	    .byte 0x00, 0x7a, 0x86, 0x82
 467 0738 C0380682 	    .byte 0xc0, 0x38, 0x06, 0x82
 468 073c C2BC0000 	    .byte 0xc2, 0xbc, 0x00, 0x00
 469 0740 00001010 	    .byte 0x00, 0x00, 0x10, 0x10
 470 0744 107C1010 	    .byte 0x10, 0x7c, 0x10, 0x10
 471 0748 10101010 	    .byte 0x10, 0x10, 0x10, 0x10
 472 074c 100E0000 	    .byte 0x10, 0x0e, 0x00, 0x00
 473 0750 00000000 	    .byte 0x00, 0x00, 0x00, 0x00
 474 0754 00C64242 	    .byte 0x00, 0xc6, 0x42, 0x42
 475 0758 42424242 	    .byte 0x42, 0x42, 0x42, 0x42
 476 075c 463B0000 	    .byte 0x46, 0x3b, 0x00, 0x00
 477 0760 00000000 	    .byte 0x00, 0x00, 0x00, 0x00
 478 0764 00E74242 	    .byte 0x00, 0xe7, 0x42, 0x42
 479 0768 42242424 	    .byte 0x42, 0x24, 0x24, 0x24
 480 076c 18180000 	    .byte 0x18, 0x18, 0x00, 0x00
 481 0770 00000000 	    .byte 0x00, 0x00, 0x00, 0x00
 482 0774 00E74242 	    .byte 0x00, 0xe7, 0x42, 0x42
 483 0778 5A5A5A24 	    .byte 0x5a, 0x5a, 0x5a, 0x24
 484 077c 24240000 	    .byte 0x24, 0x24, 0x00, 0x00
 485 0780 00000000 	    .byte 0x00, 0x00, 0x00, 0x00
 486 0784 00C64428 	    .byte 0x00, 0xc6, 0x44, 0x28
 487 0788 28102828 	    .byte 0x28, 0x10, 0x28, 0x28
 488 078c 44C60000 	    .byte 0x44, 0xc6, 0x00, 0x00
 489 0790 00000000 	    .byte 0x00, 0x00, 0x00, 0x00
 490 0794 00E74242 	    .byte 0x00, 0xe7, 0x42, 0x42
 491 0798 24242418 	    .byte 0x24, 0x24, 0x24, 0x18
 492 079c 18101060 	    .byte 0x18, 0x10, 0x10, 0x60
 493 07a0 00000000 	    .byte 0x00, 0x00, 0x00, 0x00
 494 07a4 00FE8284 	    .byte 0x00, 0xfe, 0x82, 0x84
 495 07a8 08102042 	    .byte 0x08, 0x10, 0x20, 0x42
 496 07ac 82FE0000 	    .byte 0x82, 0xfe, 0x00, 0x00
 497 07b0 00060810 	    .byte 0x00, 0x06, 0x08, 0x10
 498 07b4 10101060 	    .byte 0x10, 0x10, 0x10, 0x60
 499 07b8 10101010 	    .byte 0x10, 0x10, 0x10, 0x10
 500 07bc 08060000 	    .byte 0x08, 0x06, 0x00, 0x00
 501 07c0 10101010 	    .byte 0x10, 0x10, 0x10, 0x10
 502 07c4 10101010 	    .byte 0x10, 0x10, 0x10, 0x10
 503 07c8 10101010 	    .byte 0x10, 0x10, 0x10, 0x10
 504 07cc 10101010 	    .byte 0x10, 0x10, 0x10, 0x10
 505 07d0 00601008 	    .byte 0x00, 0x60, 0x10, 0x08
 506 07d4 08080806 	    .byte 0x08, 0x08, 0x08, 0x06
 507 07d8 08080808 	    .byte 0x08, 0x08, 0x08, 0x08
 508 07dc 10600000 	    .byte 0x10, 0x60, 0x00, 0x00
GAS LISTING /tmp/cccRLcoZ.s 			page 10


 509 07e0 00728C00 	    .byte 0x00, 0x72, 0x8c, 0x00
 510 07e4 00000000 	    .byte 0x00, 0x00, 0x00, 0x00
 511 07e8 00000000 	    .byte 0x00, 0x00, 0x00, 0x00
 512 07ec 00000000 	    .byte 0x00, 0x00, 0x00, 0x00
 513 07f0 00000000 	    .byte 0x00, 0x00, 0x00, 0x00
 514 07f4 10284482 	    .byte 0x10, 0x28, 0x44, 0x82
 515 07f8 FE82FE00 	    .byte 0xfe, 0x82, 0xfe, 0x00
 516 07fc 00000000 	    .byte 0x00, 0x00, 0x00, 0x00
 517 0800 00384482 	    .byte 0x00, 0x38, 0x44, 0x82
 518 0804 80808080 	    .byte 0x80, 0x80, 0x80, 0x80
 519 0808 80808082 	    .byte 0x80, 0x80, 0x80, 0x82
 520 080c 44381020 	    .byte 0x44, 0x38, 0x10, 0x20
 521 0810 00002424 	    .byte 0x00, 0x00, 0x24, 0x24
 522 0814 00828282 	    .byte 0x00, 0x82, 0x82, 0x82
 523 0818 82828282 	    .byte 0x82, 0x82, 0x82, 0x82
 524 081c 423E0000 	    .byte 0x42, 0x3e, 0x00, 0x00
 525 0820 0C081000 	    .byte 0x0c, 0x08, 0x10, 0x00
 526 0824 00384482 	    .byte 0x00, 0x38, 0x44, 0x82
 527 0828 82FE8082 	    .byte 0x82, 0xfe, 0x80, 0x82
 528 082c 44380000 	    .byte 0x44, 0x38, 0x00, 0x00
 529 0830 00102844 	    .byte 0x00, 0x10, 0x28, 0x44
 530 0834 00780404 	    .byte 0x00, 0x78, 0x04, 0x04
 531 0838 3C448484 	    .byte 0x3c, 0x44, 0x84, 0x84
 532 083c 443E0000 	    .byte 0x44, 0x3e, 0x00, 0x00
 533 0840 00002424 	    .byte 0x00, 0x00, 0x24, 0x24
 534 0844 00780404 	    .byte 0x00, 0x78, 0x04, 0x04
 535 0848 3C448484 	    .byte 0x3c, 0x44, 0x84, 0x84
 536 084c 443E0000 	    .byte 0x44, 0x3e, 0x00, 0x00
 537 0850 10080400 	    .byte 0x10, 0x08, 0x04, 0x00
 538 0854 00780404 	    .byte 0x00, 0x78, 0x04, 0x04
 539 0858 3C448484 	    .byte 0x3c, 0x44, 0x84, 0x84
 540 085c 443E0000 	    .byte 0x44, 0x3e, 0x00, 0x00
 541 0860 00182418 	    .byte 0x00, 0x18, 0x24, 0x18
 542 0864 00780404 	    .byte 0x00, 0x78, 0x04, 0x04
 543 0868 3C448484 	    .byte 0x3c, 0x44, 0x84, 0x84
 544 086c 443E0000 	    .byte 0x44, 0x3e, 0x00, 0x00
 545 0870 00000000 	    .byte 0x00, 0x00, 0x00, 0x00
 546 0874 003C4280 	    .byte 0x00, 0x3c, 0x42, 0x80
 547 0878 80808080 	    .byte 0x80, 0x80, 0x80, 0x80
 548 087c 423C0810 	    .byte 0x42, 0x3c, 0x08, 0x10
 549 0880 00102844 	    .byte 0x00, 0x10, 0x28, 0x44
 550 0884 00384482 	    .byte 0x00, 0x38, 0x44, 0x82
 551 0888 82FE8082 	    .byte 0x82, 0xfe, 0x80, 0x82
 552 088c 44380000 	    .byte 0x44, 0x38, 0x00, 0x00
 553 0890 00002424 	    .byte 0x00, 0x00, 0x24, 0x24
 554 0894 00384482 	    .byte 0x00, 0x38, 0x44, 0x82
 555 0898 82FE8082 	    .byte 0x82, 0xfe, 0x80, 0x82
 556 089c 44380000 	    .byte 0x44, 0x38, 0x00, 0x00
 557 08a0 10080400 	    .byte 0x10, 0x08, 0x04, 0x00
 558 08a4 00384482 	    .byte 0x00, 0x38, 0x44, 0x82
 559 08a8 82FE8082 	    .byte 0x82, 0xfe, 0x80, 0x82
 560 08ac 44380000 	    .byte 0x44, 0x38, 0x00, 0x00
 561 08b0 00002424 	    .byte 0x00, 0x00, 0x24, 0x24
 562 08b4 00101010 	    .byte 0x00, 0x10, 0x10, 0x10
 563 08b8 10101010 	    .byte 0x10, 0x10, 0x10, 0x10
 564 08bc 10100000 	    .byte 0x10, 0x10, 0x00, 0x00
 565 08c0 00102844 	    .byte 0x00, 0x10, 0x28, 0x44
GAS LISTING /tmp/cccRLcoZ.s 			page 11


 566 08c4 00101010 	    .byte 0x00, 0x10, 0x10, 0x10
 567 08c8 10101010 	    .byte 0x10, 0x10, 0x10, 0x10
 568 08cc 10100000 	    .byte 0x10, 0x10, 0x00, 0x00
 569 08d0 10080400 	    .byte 0x10, 0x08, 0x04, 0x00
 570 08d4 00101010 	    .byte 0x00, 0x10, 0x10, 0x10
 571 08d8 10101010 	    .byte 0x10, 0x10, 0x10, 0x10
 572 08dc 10100000 	    .byte 0x10, 0x10, 0x00, 0x00
 573 08e0 24240038 	    .byte 0x24, 0x24, 0x00, 0x38
 574 08e4 44828282 	    .byte 0x44, 0x82, 0x82, 0x82
 575 08e8 82FE8282 	    .byte 0x82, 0xfe, 0x82, 0x82
 576 08ec 82820000 	    .byte 0x82, 0x82, 0x00, 0x00
 577 08f0 00384438 	    .byte 0x00, 0x38, 0x44, 0x38
 578 08f4 44828282 	    .byte 0x44, 0x82, 0x82, 0x82
 579 08f8 82FE8282 	    .byte 0x82, 0xfe, 0x82, 0x82
 580 08fc 82820000 	    .byte 0x82, 0x82, 0x00, 0x00
 581 0900 0C0810FE 	    .byte 0x0c, 0x08, 0x10, 0xfe
 582 0904 80808080 	    .byte 0x80, 0x80, 0x80, 0x80
 583 0908 F8808080 	    .byte 0xf8, 0x80, 0x80, 0x80
 584 090c 80FE0000 	    .byte 0x80, 0xfe, 0x00, 0x00
 585 0910 00000000 	    .byte 0x00, 0x00, 0x00, 0x00
 586 0914 00601C12 	    .byte 0x00, 0x60, 0x1c, 0x12
 587 0918 729E9090 	    .byte 0x72, 0x9e, 0x90, 0x90
 588 091c 926C0000 	    .byte 0x92, 0x6c, 0x00, 0x00
 589 0920 0C102028 	    .byte 0x0c, 0x10, 0x20, 0x28
 590 0924 2828FE28 	    .byte 0x28, 0x28, 0xfe, 0x28
 591 0928 28282828 	    .byte 0x28, 0x28, 0x28, 0x28
 592 092c 28280000 	    .byte 0x28, 0x28, 0x00, 0x00
 593 0930 00102844 	    .byte 0x00, 0x10, 0x28, 0x44
 594 0934 00384482 	    .byte 0x00, 0x38, 0x44, 0x82
 595 0938 82828282 	    .byte 0x82, 0x82, 0x82, 0x82
 596 093c 44380000 	    .byte 0x44, 0x38, 0x00, 0x00
 597 0940 00002424 	    .byte 0x00, 0x00, 0x24, 0x24
 598 0944 00384482 	    .byte 0x00, 0x38, 0x44, 0x82
 599 0948 82828282 	    .byte 0x82, 0x82, 0x82, 0x82
 600 094c 44380000 	    .byte 0x44, 0x38, 0x00, 0x00
 601 0950 10080400 	    .byte 0x10, 0x08, 0x04, 0x00
 602 0954 00384482 	    .byte 0x00, 0x38, 0x44, 0x82
 603 0958 82828282 	    .byte 0x82, 0x82, 0x82, 0x82
 604 095c 44380000 	    .byte 0x44, 0x38, 0x00, 0x00
 605 0960 00102844 	    .byte 0x00, 0x10, 0x28, 0x44
 606 0964 00828282 	    .byte 0x00, 0x82, 0x82, 0x82
 607 0968 82828282 	    .byte 0x82, 0x82, 0x82, 0x82
 608 096c 423E0000 	    .byte 0x42, 0x3e, 0x00, 0x00
 609 0970 10080400 	    .byte 0x10, 0x08, 0x04, 0x00
 610 0974 00828282 	    .byte 0x00, 0x82, 0x82, 0x82
 611 0978 82828282 	    .byte 0x82, 0x82, 0x82, 0x82
 612 097c 423E0000 	    .byte 0x42, 0x3e, 0x00, 0x00
 613 0980 00002424 	    .byte 0x00, 0x00, 0x24, 0x24
 614 0984 00828244 	    .byte 0x00, 0x82, 0x82, 0x44
 615 0988 44282810 	    .byte 0x44, 0x28, 0x28, 0x10
 616 098c 10202040 	    .byte 0x10, 0x20, 0x20, 0x40
 617 0990 24240038 	    .byte 0x24, 0x24, 0x00, 0x38
 618 0994 44828282 	    .byte 0x44, 0x82, 0x82, 0x82
 619 0998 82828282 	    .byte 0x82, 0x82, 0x82, 0x82
 620 099c 44380000 	    .byte 0x44, 0x38, 0x00, 0x00
 621 09a0 24240082 	    .byte 0x24, 0x24, 0x00, 0x82
 622 09a4 82828282 	    .byte 0x82, 0x82, 0x82, 0x82
GAS LISTING /tmp/cccRLcoZ.s 			page 12


 623 09a8 82828282 	    .byte 0x82, 0x82, 0x82, 0x82
 624 09ac 44380000 	    .byte 0x44, 0x38, 0x00, 0x00
 625 09b0 00282828 	    .byte 0x00, 0x28, 0x28, 0x28
 626 09b4 3C6AA8A8 	    .byte 0x3c, 0x6a, 0xa8, 0xa8
 627 09b8 A8A8A86A 	    .byte 0xa8, 0xa8, 0xa8, 0x6a
 628 09bc 3C282828 	    .byte 0x3c, 0x28, 0x28, 0x28
 629 09c0 000C1220 	    .byte 0x00, 0x0c, 0x12, 0x20
 630 09c4 2020FC20 	    .byte 0x20, 0x20, 0xfc, 0x20
 631 09c8 202060A0 	    .byte 0x20, 0x20, 0x60, 0xa0
 632 09cc B24C0000 	    .byte 0xb2, 0x4c, 0x00, 0x00
 633 09d0 00828244 	    .byte 0x00, 0x82, 0x82, 0x44
 634 09d4 2810FE10 	    .byte 0x28, 0x10, 0xfe, 0x10
 635 09d8 10FE1010 	    .byte 0x10, 0xfe, 0x10, 0x10
 636 09dc 10100000 	    .byte 0x10, 0x10, 0x00, 0x00
 637 09e0 00E09088 	    .byte 0x00, 0xe0, 0x90, 0x88
 638 09e4 888894E4 	    .byte 0x88, 0x88, 0x94, 0xe4
 639 09e8 9F848484 	    .byte 0x9f, 0x84, 0x84, 0x84
 640 09ec 84840000 	    .byte 0x84, 0x84, 0x00, 0x00
 641 09f0 000C1210 	    .byte 0x00, 0x0c, 0x12, 0x10
 642 09f4 1010FE10 	    .byte 0x10, 0x10, 0xfe, 0x10
 643 09f8 10101010 	    .byte 0x10, 0x10, 0x10, 0x10
 644 09fc 90600000 	    .byte 0x90, 0x60, 0x00, 0x00
 645 0a00 0C081000 	    .byte 0x0c, 0x08, 0x10, 0x00
 646 0a04 00780404 	    .byte 0x00, 0x78, 0x04, 0x04
 647 0a08 3C448484 	    .byte 0x3c, 0x44, 0x84, 0x84
 648 0a0c 443E0000 	    .byte 0x44, 0x3e, 0x00, 0x00
 649 0a10 0C081000 	    .byte 0x0c, 0x08, 0x10, 0x00
 650 0a14 00101010 	    .byte 0x00, 0x10, 0x10, 0x10
 651 0a18 10101010 	    .byte 0x10, 0x10, 0x10, 0x10
 652 0a1c 10100000 	    .byte 0x10, 0x10, 0x00, 0x00
 653 0a20 0C081000 	    .byte 0x0c, 0x08, 0x10, 0x00
 654 0a24 00384482 	    .byte 0x00, 0x38, 0x44, 0x82
 655 0a28 82828282 	    .byte 0x82, 0x82, 0x82, 0x82
 656 0a2c 44380000 	    .byte 0x44, 0x38, 0x00, 0x00
 657 0a30 0C081000 	    .byte 0x0c, 0x08, 0x10, 0x00
 658 0a34 00828282 	    .byte 0x00, 0x82, 0x82, 0x82
 659 0a38 82828282 	    .byte 0x82, 0x82, 0x82, 0x82
 660 0a3c 423E0000 	    .byte 0x42, 0x3e, 0x00, 0x00
 661 0a40 00122A24 	    .byte 0x00, 0x12, 0x2a, 0x24
 662 0a44 00F88482 	    .byte 0x00, 0xf8, 0x84, 0x82
 663 0a48 82828282 	    .byte 0x82, 0x82, 0x82, 0x82
 664 0a4c 82820000 	    .byte 0x82, 0x82, 0x00, 0x00
 665 0a50 122A2400 	    .byte 0x12, 0x2a, 0x24, 0x00
 666 0a54 82C2C2A2 	    .byte 0x82, 0xc2, 0xc2, 0xa2
 667 0a58 92928A86 	    .byte 0x92, 0x92, 0x8a, 0x86
 668 0a5c 86820000 	    .byte 0x86, 0x82, 0x00, 0x00
 669 0a60 00000078 	    .byte 0x00, 0x00, 0x00, 0x78
 670 0a64 04043C44 	    .byte 0x04, 0x04, 0x3c, 0x44
 671 0a68 8484443E 	    .byte 0x84, 0x84, 0x44, 0x3e
 672 0a6c 00FE0000 	    .byte 0x00, 0xfe, 0x00, 0x00
 673 0a70 00000038 	    .byte 0x00, 0x00, 0x00, 0x38
 674 0a74 44828282 	    .byte 0x44, 0x82, 0x82, 0x82
 675 0a78 82824438 	    .byte 0x82, 0x82, 0x44, 0x38
 676 0a7c 00FE0000 	    .byte 0x00, 0xfe, 0x00, 0x00
 677 0a80 00101000 	    .byte 0x00, 0x10, 0x10, 0x00
 678 0a84 00101020 	    .byte 0x00, 0x10, 0x10, 0x20
 679 0a88 44828282 	    .byte 0x44, 0x82, 0x82, 0x82
GAS LISTING /tmp/cccRLcoZ.s 			page 13


 680 0a8c 44380000 	    .byte 0x44, 0x38, 0x00, 0x00
 681 0a90 00000000 	    .byte 0x00, 0x00, 0x00, 0x00
 682 0a94 00000000 	    .byte 0x00, 0x00, 0x00, 0x00
 683 0a98 0000FE80 	    .byte 0x00, 0x00, 0xfe, 0x80
 684 0a9c 80800000 	    .byte 0x80, 0x80, 0x00, 0x00
 685 0aa0 00000000 	    .byte 0x00, 0x00, 0x00, 0x00
 686 0aa4 00000000 	    .byte 0x00, 0x00, 0x00, 0x00
 687 0aa8 0000FE02 	    .byte 0x00, 0x00, 0xfe, 0x02
 688 0aac 02020000 	    .byte 0x02, 0x02, 0x00, 0x00
 689 0ab0 00103010 	    .byte 0x00, 0x10, 0x30, 0x10
 690 0ab4 101000FE 	    .byte 0x10, 0x10, 0x00, 0xfe
 691 0ab8 00780438 	    .byte 0x00, 0x78, 0x04, 0x38
 692 0abc 407C0000 	    .byte 0x40, 0x7c, 0x00, 0x00
 693 0ac0 00103010 	    .byte 0x00, 0x10, 0x30, 0x10
 694 0ac4 101000FE 	    .byte 0x10, 0x10, 0x00, 0xfe
 695 0ac8 00182848 	    .byte 0x00, 0x18, 0x28, 0x48
 696 0acc 7C080000 	    .byte 0x7c, 0x08, 0x00, 0x00
 697 0ad0 00101000 	    .byte 0x00, 0x10, 0x10, 0x00
 698 0ad4 00101010 	    .byte 0x00, 0x10, 0x10, 0x10
 699 0ad8 10101010 	    .byte 0x10, 0x10, 0x10, 0x10
 700 0adc 10100000 	    .byte 0x10, 0x10, 0x00, 0x00
 701 0ae0 00000000 	    .byte 0x00, 0x00, 0x00, 0x00
 702 0ae4 12244890 	    .byte 0x12, 0x24, 0x48, 0x90
 703 0ae8 90482412 	    .byte 0x90, 0x48, 0x24, 0x12
 704 0aec 00000000 	    .byte 0x00, 0x00, 0x00, 0x00
 705 0af0 00000000 	    .byte 0x00, 0x00, 0x00, 0x00
 706 0af4 90482412 	    .byte 0x90, 0x48, 0x24, 0x12
 707 0af8 12244890 	    .byte 0x12, 0x24, 0x48, 0x90
 708 0afc 00000000 	    .byte 0x00, 0x00, 0x00, 0x00
 709 0b00 11441144 	    .byte 0x11, 0x44, 0x11, 0x44
 710 0b04 11441144 	    .byte 0x11, 0x44, 0x11, 0x44
 711 0b08 11441144 	    .byte 0x11, 0x44, 0x11, 0x44
 712 0b0c 11441144 	    .byte 0x11, 0x44, 0x11, 0x44
 713 0b10 55AA55AA 	    .byte 0x55, 0xaa, 0x55, 0xaa
 714 0b14 55AA55AA 	    .byte 0x55, 0xaa, 0x55, 0xaa
 715 0b18 55AA55AA 	    .byte 0x55, 0xaa, 0x55, 0xaa
 716 0b1c 55AA55AA 	    .byte 0x55, 0xaa, 0x55, 0xaa
 717 0b20 77DD77DD 	    .byte 0x77, 0xdd, 0x77, 0xdd
 718 0b24 77DD77DD 	    .byte 0x77, 0xdd, 0x77, 0xdd
 719 0b28 77DD77DD 	    .byte 0x77, 0xdd, 0x77, 0xdd
 720 0b2c 77DD77DD 	    .byte 0x77, 0xdd, 0x77, 0xdd
 721 0b30 10101010 	    .byte 0x10, 0x10, 0x10, 0x10
 722 0b34 10101010 	    .byte 0x10, 0x10, 0x10, 0x10
 723 0b38 10101010 	    .byte 0x10, 0x10, 0x10, 0x10
 724 0b3c 10101010 	    .byte 0x10, 0x10, 0x10, 0x10
 725 0b40 10101010 	    .byte 0x10, 0x10, 0x10, 0x10
 726 0b44 101010F0 	    .byte 0x10, 0x10, 0x10, 0xf0
 727 0b48 10101010 	    .byte 0x10, 0x10, 0x10, 0x10
 728 0b4c 10101010 	    .byte 0x10, 0x10, 0x10, 0x10
 729 0b50 10101010 	    .byte 0x10, 0x10, 0x10, 0x10
 730 0b54 101010F0 	    .byte 0x10, 0x10, 0x10, 0xf0
 731 0b58 10F01010 	    .byte 0x10, 0xf0, 0x10, 0x10
 732 0b5c 10101010 	    .byte 0x10, 0x10, 0x10, 0x10
 733 0b60 14141414 	    .byte 0x14, 0x14, 0x14, 0x14
 734 0b64 141414F4 	    .byte 0x14, 0x14, 0x14, 0xf4
 735 0b68 14141414 	    .byte 0x14, 0x14, 0x14, 0x14
 736 0b6c 14141414 	    .byte 0x14, 0x14, 0x14, 0x14
GAS LISTING /tmp/cccRLcoZ.s 			page 14


 737 0b70 00000000 	    .byte 0x00, 0x00, 0x00, 0x00
 738 0b74 000000FC 	    .byte 0x00, 0x00, 0x00, 0xfc
 739 0b78 14141414 	    .byte 0x14, 0x14, 0x14, 0x14
 740 0b7c 14141414 	    .byte 0x14, 0x14, 0x14, 0x14
 741 0b80 00000000 	    .byte 0x00, 0x00, 0x00, 0x00
 742 0b84 000000F0 	    .byte 0x00, 0x00, 0x00, 0xf0
 743 0b88 10F01010 	    .byte 0x10, 0xf0, 0x10, 0x10
 744 0b8c 10101010 	    .byte 0x10, 0x10, 0x10, 0x10
 745 0b90 14141414 	    .byte 0x14, 0x14, 0x14, 0x14
 746 0b94 141414F4 	    .byte 0x14, 0x14, 0x14, 0xf4
 747 0b98 04F41414 	    .byte 0x04, 0xf4, 0x14, 0x14
 748 0b9c 14141414 	    .byte 0x14, 0x14, 0x14, 0x14
 749 0ba0 14141414 	    .byte 0x14, 0x14, 0x14, 0x14
 750 0ba4 14141414 	    .byte 0x14, 0x14, 0x14, 0x14
 751 0ba8 14141414 	    .byte 0x14, 0x14, 0x14, 0x14
 752 0bac 14141414 	    .byte 0x14, 0x14, 0x14, 0x14
 753 0bb0 00000000 	    .byte 0x00, 0x00, 0x00, 0x00
 754 0bb4 000000FC 	    .byte 0x00, 0x00, 0x00, 0xfc
 755 0bb8 04F41414 	    .byte 0x04, 0xf4, 0x14, 0x14
 756 0bbc 14141414 	    .byte 0x14, 0x14, 0x14, 0x14
 757 0bc0 14141414 	    .byte 0x14, 0x14, 0x14, 0x14
 758 0bc4 141414F4 	    .byte 0x14, 0x14, 0x14, 0xf4
 759 0bc8 04FC0000 	    .byte 0x04, 0xfc, 0x00, 0x00
 760 0bcc 00000000 	    .byte 0x00, 0x00, 0x00, 0x00
 761 0bd0 14141414 	    .byte 0x14, 0x14, 0x14, 0x14
 762 0bd4 141414FC 	    .byte 0x14, 0x14, 0x14, 0xfc
 763 0bd8 00000000 	    .byte 0x00, 0x00, 0x00, 0x00
 764 0bdc 00000000 	    .byte 0x00, 0x00, 0x00, 0x00
 765 0be0 10101010 	    .byte 0x10, 0x10, 0x10, 0x10
 766 0be4 101010F0 	    .byte 0x10, 0x10, 0x10, 0xf0
 767 0be8 10F00000 	    .byte 0x10, 0xf0, 0x00, 0x00
 768 0bec 00000000 	    .byte 0x00, 0x00, 0x00, 0x00
 769 0bf0 00000000 	    .byte 0x00, 0x00, 0x00, 0x00
 770 0bf4 000000F0 	    .byte 0x00, 0x00, 0x00, 0xf0
 771 0bf8 10101010 	    .byte 0x10, 0x10, 0x10, 0x10
 772 0bfc 10101010 	    .byte 0x10, 0x10, 0x10, 0x10
 773 0c00 10101010 	    .byte 0x10, 0x10, 0x10, 0x10
 774 0c04 1010101F 	    .byte 0x10, 0x10, 0x10, 0x1f
 775 0c08 00000000 	    .byte 0x00, 0x00, 0x00, 0x00
 776 0c0c 00000000 	    .byte 0x00, 0x00, 0x00, 0x00
 777 0c10 10101010 	    .byte 0x10, 0x10, 0x10, 0x10
 778 0c14 101010FF 	    .byte 0x10, 0x10, 0x10, 0xff
 779 0c18 00000000 	    .byte 0x00, 0x00, 0x00, 0x00
 780 0c1c 00000000 	    .byte 0x00, 0x00, 0x00, 0x00
 781 0c20 00000000 	    .byte 0x00, 0x00, 0x00, 0x00
 782 0c24 000000FF 	    .byte 0x00, 0x00, 0x00, 0xff
 783 0c28 10101010 	    .byte 0x10, 0x10, 0x10, 0x10
 784 0c2c 10101010 	    .byte 0x10, 0x10, 0x10, 0x10
 785 0c30 10101010 	    .byte 0x10, 0x10, 0x10, 0x10
 786 0c34 1010101F 	    .byte 0x10, 0x10, 0x10, 0x1f
 787 0c38 10101010 	    .byte 0x10, 0x10, 0x10, 0x10
 788 0c3c 10101010 	    .byte 0x10, 0x10, 0x10, 0x10
 789 0c40 00000000 	    .byte 0x00, 0x00, 0x00, 0x00
 790 0c44 000000FF 	    .byte 0x00, 0x00, 0x00, 0xff
 791 0c48 00000000 	    .byte 0x00, 0x00, 0x00, 0x00
 792 0c4c 00000000 	    .byte 0x00, 0x00, 0x00, 0x00
 793 0c50 10101010 	    .byte 0x10, 0x10, 0x10, 0x10
GAS LISTING /tmp/cccRLcoZ.s 			page 15


 794 0c54 101010FF 	    .byte 0x10, 0x10, 0x10, 0xff
 795 0c58 10101010 	    .byte 0x10, 0x10, 0x10, 0x10
 796 0c5c 10101010 	    .byte 0x10, 0x10, 0x10, 0x10
 797 0c60 10101010 	    .byte 0x10, 0x10, 0x10, 0x10
 798 0c64 1010101F 	    .byte 0x10, 0x10, 0x10, 0x1f
 799 0c68 101F1010 	    .byte 0x10, 0x1f, 0x10, 0x10
 800 0c6c 10101010 	    .byte 0x10, 0x10, 0x10, 0x10
 801 0c70 14141414 	    .byte 0x14, 0x14, 0x14, 0x14
 802 0c74 14141417 	    .byte 0x14, 0x14, 0x14, 0x17
 803 0c78 14141414 	    .byte 0x14, 0x14, 0x14, 0x14
 804 0c7c 14141414 	    .byte 0x14, 0x14, 0x14, 0x14
 805 0c80 14141414 	    .byte 0x14, 0x14, 0x14, 0x14
 806 0c84 14141417 	    .byte 0x14, 0x14, 0x14, 0x17
 807 0c88 101F0000 	    .byte 0x10, 0x1f, 0x00, 0x00
 808 0c8c 00000000 	    .byte 0x00, 0x00, 0x00, 0x00
 809 0c90 00000000 	    .byte 0x00, 0x00, 0x00, 0x00
 810 0c94 0000001F 	    .byte 0x00, 0x00, 0x00, 0x1f
 811 0c98 10171414 	    .byte 0x10, 0x17, 0x14, 0x14
 812 0c9c 14141414 	    .byte 0x14, 0x14, 0x14, 0x14
 813 0ca0 14141414 	    .byte 0x14, 0x14, 0x14, 0x14
 814 0ca4 141414F7 	    .byte 0x14, 0x14, 0x14, 0xf7
 815 0ca8 00FF0000 	    .byte 0x00, 0xff, 0x00, 0x00
 816 0cac 00000000 	    .byte 0x00, 0x00, 0x00, 0x00
 817 0cb0 00000000 	    .byte 0x00, 0x00, 0x00, 0x00
 818 0cb4 000000FF 	    .byte 0x00, 0x00, 0x00, 0xff
 819 0cb8 00F71414 	    .byte 0x00, 0xf7, 0x14, 0x14
 820 0cbc 14141414 	    .byte 0x14, 0x14, 0x14, 0x14
 821 0cc0 14141414 	    .byte 0x14, 0x14, 0x14, 0x14
 822 0cc4 14141417 	    .byte 0x14, 0x14, 0x14, 0x17
 823 0cc8 10171414 	    .byte 0x10, 0x17, 0x14, 0x14
 824 0ccc 14141414 	    .byte 0x14, 0x14, 0x14, 0x14
 825 0cd0 00000000 	    .byte 0x00, 0x00, 0x00, 0x00
 826 0cd4 000000FF 	    .byte 0x00, 0x00, 0x00, 0xff
 827 0cd8 00FF0000 	    .byte 0x00, 0xff, 0x00, 0x00
 828 0cdc 00000000 	    .byte 0x00, 0x00, 0x00, 0x00
 829 0ce0 14141414 	    .byte 0x14, 0x14, 0x14, 0x14
 830 0ce4 141414F7 	    .byte 0x14, 0x14, 0x14, 0xf7
 831 0ce8 00F71414 	    .byte 0x00, 0xf7, 0x14, 0x14
 832 0cec 14141414 	    .byte 0x14, 0x14, 0x14, 0x14
 833 0cf0 10101010 	    .byte 0x10, 0x10, 0x10, 0x10
 834 0cf4 101010FF 	    .byte 0x10, 0x10, 0x10, 0xff
 835 0cf8 00FF0000 	    .byte 0x00, 0xff, 0x00, 0x00
 836 0cfc 00000000 	    .byte 0x00, 0x00, 0x00, 0x00
 837 0d00 14141414 	    .byte 0x14, 0x14, 0x14, 0x14
 838 0d04 141414FF 	    .byte 0x14, 0x14, 0x14, 0xff
 839 0d08 00000000 	    .byte 0x00, 0x00, 0x00, 0x00
 840 0d0c 00000000 	    .byte 0x00, 0x00, 0x00, 0x00
 841 0d10 00000000 	    .byte 0x00, 0x00, 0x00, 0x00
 842 0d14 000000FF 	    .byte 0x00, 0x00, 0x00, 0xff
 843 0d18 00FF1010 	    .byte 0x00, 0xff, 0x10, 0x10
 844 0d1c 10101010 	    .byte 0x10, 0x10, 0x10, 0x10
 845 0d20 00000000 	    .byte 0x00, 0x00, 0x00, 0x00
 846 0d24 000000FF 	    .byte 0x00, 0x00, 0x00, 0xff
 847 0d28 14141414 	    .byte 0x14, 0x14, 0x14, 0x14
 848 0d2c 14141414 	    .byte 0x14, 0x14, 0x14, 0x14
 849 0d30 14141414 	    .byte 0x14, 0x14, 0x14, 0x14
 850 0d34 1414141F 	    .byte 0x14, 0x14, 0x14, 0x1f
GAS LISTING /tmp/cccRLcoZ.s 			page 16


 851 0d38 00000000 	    .byte 0x00, 0x00, 0x00, 0x00
 852 0d3c 00000000 	    .byte 0x00, 0x00, 0x00, 0x00
 853 0d40 10101010 	    .byte 0x10, 0x10, 0x10, 0x10
 854 0d44 1010101F 	    .byte 0x10, 0x10, 0x10, 0x1f
 855 0d48 101F0000 	    .byte 0x10, 0x1f, 0x00, 0x00
 856 0d4c 00000000 	    .byte 0x00, 0x00, 0x00, 0x00
 857 0d50 00000000 	    .byte 0x00, 0x00, 0x00, 0x00
 858 0d54 0000001F 	    .byte 0x00, 0x00, 0x00, 0x1f
 859 0d58 101F1010 	    .byte 0x10, 0x1f, 0x10, 0x10
 860 0d5c 10101010 	    .byte 0x10, 0x10, 0x10, 0x10
 861 0d60 00000000 	    .byte 0x00, 0x00, 0x00, 0x00
 862 0d64 0000001F 	    .byte 0x00, 0x00, 0x00, 0x1f
 863 0d68 14141414 	    .byte 0x14, 0x14, 0x14, 0x14
 864 0d6c 14141414 	    .byte 0x14, 0x14, 0x14, 0x14
 865 0d70 14141414 	    .byte 0x14, 0x14, 0x14, 0x14
 866 0d74 141414F7 	    .byte 0x14, 0x14, 0x14, 0xf7
 867 0d78 14141414 	    .byte 0x14, 0x14, 0x14, 0x14
 868 0d7c 14141414 	    .byte 0x14, 0x14, 0x14, 0x14
 869 0d80 10101010 	    .byte 0x10, 0x10, 0x10, 0x10
 870 0d84 101010FF 	    .byte 0x10, 0x10, 0x10, 0xff
 871 0d88 10FF1010 	    .byte 0x10, 0xff, 0x10, 0x10
 872 0d8c 10101010 	    .byte 0x10, 0x10, 0x10, 0x10
 873 0d90 10101010 	    .byte 0x10, 0x10, 0x10, 0x10
 874 0d94 101010F0 	    .byte 0x10, 0x10, 0x10, 0xf0
 875 0d98 00000000 	    .byte 0x00, 0x00, 0x00, 0x00
 876 0d9c 00000000 	    .byte 0x00, 0x00, 0x00, 0x00
 877 0da0 00000000 	    .byte 0x00, 0x00, 0x00, 0x00
 878 0da4 0000001F 	    .byte 0x00, 0x00, 0x00, 0x1f
 879 0da8 10101010 	    .byte 0x10, 0x10, 0x10, 0x10
 880 0dac 10101010 	    .byte 0x10, 0x10, 0x10, 0x10
 881 0db0 FFFFFFFF 	    .byte 0xff, 0xff, 0xff, 0xff
 882 0db4 FFFFFFFF 	    .byte 0xff, 0xff, 0xff, 0xff
 883 0db8 FFFFFFFF 	    .byte 0xff, 0xff, 0xff, 0xff
 884 0dbc FFFFFFFF 	    .byte 0xff, 0xff, 0xff, 0xff
 885 0dc0 00000000 	    .byte 0x00, 0x00, 0x00, 0x00
 886 0dc4 00000000 	    .byte 0x00, 0x00, 0x00, 0x00
 887 0dc8 FFFFFFFF 	    .byte 0xff, 0xff, 0xff, 0xff
 888 0dcc FFFFFFFF 	    .byte 0xff, 0xff, 0xff, 0xff
 889 0dd0 F0F0F0F0 	    .byte 0xf0, 0xf0, 0xf0, 0xf0
 890 0dd4 F0F0F0F0 	    .byte 0xf0, 0xf0, 0xf0, 0xf0
 891 0dd8 F0F0F0F0 	    .byte 0xf0, 0xf0, 0xf0, 0xf0
 892 0ddc F0F0F0F0 	    .byte 0xf0, 0xf0, 0xf0, 0xf0
 893 0de0 0F0F0F0F 	    .byte 0x0f, 0x0f, 0x0f, 0x0f
 894 0de4 0F0F0F0F 	    .byte 0x0f, 0x0f, 0x0f, 0x0f
 895 0de8 0F0F0F0F 	    .byte 0x0f, 0x0f, 0x0f, 0x0f
 896 0dec 0F0F0F0F 	    .byte 0x0f, 0x0f, 0x0f, 0x0f
 897 0df0 FFFFFFFF 	    .byte 0xff, 0xff, 0xff, 0xff
 898 0df4 FFFFFFFF 	    .byte 0xff, 0xff, 0xff, 0xff
 899 0df8 00000000 	    .byte 0x00, 0x00, 0x00, 0x00
 900 0dfc 00000000 	    .byte 0x00, 0x00, 0x00, 0x00
 901 0e00 00000000 	    .byte 0x00, 0x00, 0x00, 0x00
 902 0e04 00000000 	    .byte 0x00, 0x00, 0x00, 0x00
 903 0e08 00000000 	    .byte 0x00, 0x00, 0x00, 0x00
 904 0e0c 00000000 	    .byte 0x00, 0x00, 0x00, 0x00
 905 0e10 00000000 	    .byte 0x00, 0x00, 0x00, 0x00
 906 0e14 00000000 	    .byte 0x00, 0x00, 0x00, 0x00
 907 0e18 00000000 	    .byte 0x00, 0x00, 0x00, 0x00
GAS LISTING /tmp/cccRLcoZ.s 			page 17


 908 0e1c 00000000 	    .byte 0x00, 0x00, 0x00, 0x00
 909 0e20 00000000 	    .byte 0x00, 0x00, 0x00, 0x00
 910 0e24 00000000 	    .byte 0x00, 0x00, 0x00, 0x00
 911 0e28 00000000 	    .byte 0x00, 0x00, 0x00, 0x00
 912 0e2c 00000000 	    .byte 0x00, 0x00, 0x00, 0x00
 913 0e30 00000000 	    .byte 0x00, 0x00, 0x00, 0x00
 914 0e34 00000000 	    .byte 0x00, 0x00, 0x00, 0x00
 915 0e38 00000000 	    .byte 0x00, 0x00, 0x00, 0x00
 916 0e3c 00000000 	    .byte 0x00, 0x00, 0x00, 0x00
 917 0e40 00000000 	    .byte 0x00, 0x00, 0x00, 0x00
 918 0e44 00000000 	    .byte 0x00, 0x00, 0x00, 0x00
 919 0e48 00000000 	    .byte 0x00, 0x00, 0x00, 0x00
 920 0e4c 00000000 	    .byte 0x00, 0x00, 0x00, 0x00
 921 0e50 00000000 	    .byte 0x00, 0x00, 0x00, 0x00
 922 0e54 00000000 	    .byte 0x00, 0x00, 0x00, 0x00
 923 0e58 00000000 	    .byte 0x00, 0x00, 0x00, 0x00
 924 0e5c 00000000 	    .byte 0x00, 0x00, 0x00, 0x00
 925 0e60 00000000 	    .byte 0x00, 0x00, 0x00, 0x00
 926 0e64 00000000 	    .byte 0x00, 0x00, 0x00, 0x00
 927 0e68 00000000 	    .byte 0x00, 0x00, 0x00, 0x00
 928 0e6c 00000000 	    .byte 0x00, 0x00, 0x00, 0x00
 929 0e70 00000000 	    .byte 0x00, 0x00, 0x00, 0x00
 930 0e74 00000000 	    .byte 0x00, 0x00, 0x00, 0x00
 931 0e78 00000000 	    .byte 0x00, 0x00, 0x00, 0x00
 932 0e7c 00000000 	    .byte 0x00, 0x00, 0x00, 0x00
 933 0e80 00000000 	    .byte 0x00, 0x00, 0x00, 0x00
 934 0e84 00000000 	    .byte 0x00, 0x00, 0x00, 0x00
 935 0e88 00000000 	    .byte 0x00, 0x00, 0x00, 0x00
 936 0e8c 00000000 	    .byte 0x00, 0x00, 0x00, 0x00
 937 0e90 00000000 	    .byte 0x00, 0x00, 0x00, 0x00
 938 0e94 00000000 	    .byte 0x00, 0x00, 0x00, 0x00
 939 0e98 00000000 	    .byte 0x00, 0x00, 0x00, 0x00
 940 0e9c 00000000 	    .byte 0x00, 0x00, 0x00, 0x00
 941 0ea0 00000000 	    .byte 0x00, 0x00, 0x00, 0x00
 942 0ea4 00000000 	    .byte 0x00, 0x00, 0x00, 0x00
 943 0ea8 00000000 	    .byte 0x00, 0x00, 0x00, 0x00
 944 0eac 00000000 	    .byte 0x00, 0x00, 0x00, 0x00
 945 0eb0 00000000 	    .byte 0x00, 0x00, 0x00, 0x00
 946 0eb4 00000000 	    .byte 0x00, 0x00, 0x00, 0x00
 947 0eb8 00000000 	    .byte 0x00, 0x00, 0x00, 0x00
 948 0ebc 00000000 	    .byte 0x00, 0x00, 0x00, 0x00
 949 0ec0 00000000 	    .byte 0x00, 0x00, 0x00, 0x00
 950 0ec4 00000000 	    .byte 0x00, 0x00, 0x00, 0x00
 951 0ec8 00000000 	    .byte 0x00, 0x00, 0x00, 0x00
 952 0ecc 00000000 	    .byte 0x00, 0x00, 0x00, 0x00
 953 0ed0 00000000 	    .byte 0x00, 0x00, 0x00, 0x00
 954 0ed4 00000000 	    .byte 0x00, 0x00, 0x00, 0x00
 955 0ed8 00000000 	    .byte 0x00, 0x00, 0x00, 0x00
 956 0edc 00000000 	    .byte 0x00, 0x00, 0x00, 0x00
 957 0ee0 00000000 	    .byte 0x00, 0x00, 0x00, 0x00
 958 0ee4 00000000 	    .byte 0x00, 0x00, 0x00, 0x00
 959 0ee8 00000000 	    .byte 0x00, 0x00, 0x00, 0x00
 960 0eec 00000000 	    .byte 0x00, 0x00, 0x00, 0x00
 961 0ef0 00000000 	    .byte 0x00, 0x00, 0x00, 0x00
 962 0ef4 00000000 	    .byte 0x00, 0x00, 0x00, 0x00
 963 0ef8 00000000 	    .byte 0x00, 0x00, 0x00, 0x00
 964 0efc 00000000 	    .byte 0x00, 0x00, 0x00, 0x00
GAS LISTING /tmp/cccRLcoZ.s 			page 18


 965 0f00 00000000 	    .byte 0x00, 0x00, 0x00, 0x00
 966 0f04 00000000 	    .byte 0x00, 0x00, 0x00, 0x00
 967 0f08 00000000 	    .byte 0x00, 0x00, 0x00, 0x00
 968 0f0c 00000000 	    .byte 0x00, 0x00, 0x00, 0x00
 969 0f10 00000000 	    .byte 0x00, 0x00, 0x00, 0x00
 970 0f14 00000000 	    .byte 0x00, 0x00, 0x00, 0x00
 971 0f18 00000000 	    .byte 0x00, 0x00, 0x00, 0x00
 972 0f1c 00000000 	    .byte 0x00, 0x00, 0x00, 0x00
 973 0f20 00000000 	    .byte 0x00, 0x00, 0x00, 0x00
 974 0f24 00000000 	    .byte 0x00, 0x00, 0x00, 0x00
 975 0f28 00000000 	    .byte 0x00, 0x00, 0x00, 0x00
 976 0f2c 00000000 	    .byte 0x00, 0x00, 0x00, 0x00
 977 0f30 00000000 	    .byte 0x00, 0x00, 0x00, 0x00
 978 0f34 00000000 	    .byte 0x00, 0x00, 0x00, 0x00
 979 0f38 00000000 	    .byte 0x00, 0x00, 0x00, 0x00
 980 0f3c 00000000 	    .byte 0x00, 0x00, 0x00, 0x00
 981 0f40 00000000 	    .byte 0x00, 0x00, 0x00, 0x00
 982 0f44 00000000 	    .byte 0x00, 0x00, 0x00, 0x00
 983 0f48 00000000 	    .byte 0x00, 0x00, 0x00, 0x00
 984 0f4c 00000000 	    .byte 0x00, 0x00, 0x00, 0x00
 985 0f50 00000000 	    .byte 0x00, 0x00, 0x00, 0x00
 986 0f54 00000000 	    .byte 0x00, 0x00, 0x00, 0x00
 987 0f58 00000000 	    .byte 0x00, 0x00, 0x00, 0x00
 988 0f5c 00000000 	    .byte 0x00, 0x00, 0x00, 0x00
 989 0f60 00000000 	    .byte 0x00, 0x00, 0x00, 0x00
 990 0f64 00000000 	    .byte 0x00, 0x00, 0x00, 0x00
 991 0f68 00000000 	    .byte 0x00, 0x00, 0x00, 0x00
 992 0f6c 00000000 	    .byte 0x00, 0x00, 0x00, 0x00
 993 0f70 00000000 	    .byte 0x00, 0x00, 0x00, 0x00
 994 0f74 00000000 	    .byte 0x00, 0x00, 0x00, 0x00
 995 0f78 00000000 	    .byte 0x00, 0x00, 0x00, 0x00
 996 0f7c 00000000 	    .byte 0x00, 0x00, 0x00, 0x00
 997 0f80 00000000 	    .byte 0x00, 0x00, 0x00, 0x00
 998 0f84 00000000 	    .byte 0x00, 0x00, 0x00, 0x00
 999 0f88 00000000 	    .byte 0x00, 0x00, 0x00, 0x00
 1000 0f8c 00000000 	    .byte 0x00, 0x00, 0x00, 0x00
 1001 0f90 00000000 	    .byte 0x00, 0x00, 0x00, 0x00
 1002 0f94 00000000 	    .byte 0x00, 0x00, 0x00, 0x00
 1003 0f98 00000000 	    .byte 0x00, 0x00, 0x00, 0x00
 1004 0f9c 00000000 	    .byte 0x00, 0x00, 0x00, 0x00
 1005 0fa0 00000000 	    .byte 0x00, 0x00, 0x00, 0x00
 1006 0fa4 00000000 	    .byte 0x00, 0x00, 0x00, 0x00
 1007 0fa8 00000000 	    .byte 0x00, 0x00, 0x00, 0x00
 1008 0fac 00000000 	    .byte 0x00, 0x00, 0x00, 0x00
 1009 0fb0 00000000 	    .byte 0x00, 0x00, 0x00, 0x00
 1010 0fb4 00000000 	    .byte 0x00, 0x00, 0x00, 0x00
 1011 0fb8 00000000 	    .byte 0x00, 0x00, 0x00, 0x00
 1012 0fbc 00000000 	    .byte 0x00, 0x00, 0x00, 0x00
 1013 0fc0 00000000 	    .byte 0x00, 0x00, 0x00, 0x00
 1014 0fc4 00000000 	    .byte 0x00, 0x00, 0x00, 0x00
 1015 0fc8 00000000 	    .byte 0x00, 0x00, 0x00, 0x00
 1016 0fcc 00000000 	    .byte 0x00, 0x00, 0x00, 0x00
 1017 0fd0 00000000 	    .byte 0x00, 0x00, 0x00, 0x00
 1018 0fd4 00000000 	    .byte 0x00, 0x00, 0x00, 0x00
 1019 0fd8 00000000 	    .byte 0x00, 0x00, 0x00, 0x00
 1020 0fdc 00000000 	    .byte 0x00, 0x00, 0x00, 0x00
 1021 0fe0 00000000 	    .byte 0x00, 0x00, 0x00, 0x00
GAS LISTING /tmp/cccRLcoZ.s 			page 19


 1022 0fe4 00000000 	    .byte 0x00, 0x00, 0x00, 0x00
 1023 0fe8 00000000 	    .byte 0x00, 0x00, 0x00, 0x00
 1024 0fec 00000000 	    .byte 0x00, 0x00, 0x00, 0x00
 1025 0ff0 00000000 	    .byte 0x00, 0x00, 0x00, 0x00
 1026 0ff4 00000000 	    .byte 0x00, 0x00, 0x00, 0x00
 1027 0ff8 11100000 	    .byte 0x11, 0x10, 0x00, 0x00
 1028 0ffc 00000000 	    .byte 0x00, 0x00, 0x00, 0x00
GAS LISTING /tmp/cccRLcoZ.s 			page 20


DEFINED SYMBOLS
         lib/fonts.S:4      .data:0000000000000000 fonts_set

NO UNDEFINED SYMBOLS
